2021-08-26 11:10:31.7091||INFO|Microsoft.Hosting.Lifetime|Application started. Press Ctrl+C to shut down. 
2021-08-26 11:10:31.7406||INFO|Microsoft.Hosting.Lifetime|Hosting environment: Development 
2021-08-26 11:10:31.7529||INFO|Microsoft.Hosting.Lifetime|Content root path: C:\Users\narut\Desktop\kurs APS.NET\RestaurantAPI\RestaurantAPI 
2021-08-26 11:10:58.6454||ERROR|RestaurantAPI.Middleware.ErrorHandlingMiddleware|An exception was thrown while attempting to evaluate a LINQ query parameter expression. See the inner exception for more information. To show additional information call 'DbContextOptionsBuilder.EnableSensitiveDataLogging'. System.InvalidOperationException: An exception was thrown while attempting to evaluate a LINQ query parameter expression. See the inner exception for more information. To show additional information call 'DbContextOptionsBuilder.EnableSensitiveDataLogging'.
 ---> System.NullReferenceException: Object reference not set to an instance of an object.
   at lambda_method149(Closure )
   at Microsoft.EntityFrameworkCore.Query.Internal.ParameterExtractingExpressionVisitor.GetValue(Expression expression, String& parameterName)
   --- End of inner exception stack trace ---
   at Microsoft.EntityFrameworkCore.Query.Internal.ParameterExtractingExpressionVisitor.GetValue(Expression expression, String& parameterName)
   at Microsoft.EntityFrameworkCore.Query.Internal.ParameterExtractingExpressionVisitor.Evaluate(Expression expression, Boolean generateParameter)
   at Microsoft.EntityFrameworkCore.Query.Internal.ParameterExtractingExpressionVisitor.Visit(Expression expression)
   at System.Dynamic.Utils.ExpressionVisitorUtils.VisitArguments(ExpressionVisitor visitor, IArgumentProvider nodes)
   at System.Linq.Expressions.ExpressionVisitor.VisitMethodCall(MethodCallExpression node)
   at System.Linq.Expressions.MethodCallExpression.Accept(ExpressionVisitor visitor)
   at System.Linq.Expressions.ExpressionVisitor.Visit(Expression node)
   at Microsoft.EntityFrameworkCore.Query.Internal.ParameterExtractingExpressionVisitor.Visit(Expression expression)
   at Microsoft.EntityFrameworkCore.Query.Internal.ParameterExtractingExpressionVisitor.VisitBinary(BinaryExpression binaryExpression)
   at System.Linq.Expressions.ExpressionVisitor.Visit(Expression node)
   at Microsoft.EntityFrameworkCore.Query.Internal.ParameterExtractingExpressionVisitor.Visit(Expression expression)
   at System.Linq.Expressions.ExpressionVisitor.VisitLambda[T](Expression`1 node)
   at System.Linq.Expressions.ExpressionVisitor.Visit(Expression node)
   at Microsoft.EntityFrameworkCore.Query.Internal.ParameterExtractingExpressionVisitor.Visit(Expression expression)
   at System.Linq.Expressions.ExpressionVisitor.VisitUnary(UnaryExpression node)
   at System.Linq.Expressions.UnaryExpression.Accept(ExpressionVisitor visitor)
   at System.Linq.Expressions.ExpressionVisitor.Visit(Expression node)
   at Microsoft.EntityFrameworkCore.Query.Internal.ParameterExtractingExpressionVisitor.Visit(Expression expression)
   at System.Dynamic.Utils.ExpressionVisitorUtils.VisitArguments(ExpressionVisitor visitor, IArgumentProvider nodes)
   at System.Linq.Expressions.ExpressionVisitor.VisitMethodCall(MethodCallExpression node)
   at System.Linq.Expressions.MethodCallExpression.Accept(ExpressionVisitor visitor)
   at System.Linq.Expressions.ExpressionVisitor.Visit(Expression node)
   at Microsoft.EntityFrameworkCore.Query.Internal.ParameterExtractingExpressionVisitor.Visit(Expression expression)
   at Microsoft.EntityFrameworkCore.Query.Internal.ParameterExtractingExpressionVisitor.ExtractParameters(Expression expression)
   at Microsoft.EntityFrameworkCore.Query.Internal.QueryCompiler.ExtractParameters(Expression query, IParameterValues parameterValues, IDiagnosticsLogger`1 logger, Boolean parameterize, Boolean generateContextAccessors)
   at Microsoft.EntityFrameworkCore.Query.Internal.QueryCompiler.Execute[TResult](Expression query)
   at Microsoft.EntityFrameworkCore.Query.Internal.EntityQueryProvider.Execute[TResult](Expression expression)
   at Microsoft.EntityFrameworkCore.Query.Internal.EntityQueryable`1.GetEnumerator()
   at System.Collections.Generic.List`1..ctor(IEnumerable`1 collection)
   at System.Linq.Enumerable.ToList[TSource](IEnumerable`1 source)
   at RestaurantAPI.Services.RestaurantService.GetAll(String searchPhrase) in C:\Users\narut\Desktop\kurs APS.NET\RestaurantAPI\RestaurantAPI\Services\RestaurantService.cs:line 109
   at RestaurantAPI.Controllers.RestaurantController.GetAll(String searchPhrase) in C:\Users\narut\Desktop\kurs APS.NET\RestaurantAPI\RestaurantAPI\Controllers\RestaurantController.cs:line 59
   at lambda_method20(Closure , Object , Object[] )
   at Microsoft.AspNetCore.Mvc.Infrastructure.ActionMethodExecutor.SyncObjectResultExecutor.Execute(IActionResultTypeMapper mapper, ObjectMethodExecutor executor, Object controller, Object[] arguments)
   at Microsoft.AspNetCore.Mvc.Infrastructure.ControllerActionInvoker.InvokeActionMethodAsync()
   at Microsoft.AspNetCore.Mvc.Infrastructure.ControllerActionInvoker.Next(State& next, Scope& scope, Object& state, Boolean& isCompleted)
   at Microsoft.AspNetCore.Mvc.Infrastructure.ControllerActionInvoker.InvokeNextActionFilterAsync()
--- End of stack trace from previous location ---
   at Microsoft.AspNetCore.Mvc.Infrastructure.ControllerActionInvoker.Rethrow(ActionExecutedContextSealed context)
   at Microsoft.AspNetCore.Mvc.Infrastructure.ControllerActionInvoker.Next(State& next, Scope& scope, Object& state, Boolean& isCompleted)
   at Microsoft.AspNetCore.Mvc.Infrastructure.ControllerActionInvoker.InvokeInnerFilterAsync()
--- End of stack trace from previous location ---
   at Microsoft.AspNetCore.Mvc.Infrastructure.ResourceInvoker.<InvokeFilterPipelineAsync>g__Awaited|19_0(ResourceInvoker invoker, Task lastTask, State next, Scope scope, Object state, Boolean isCompleted)
   at Microsoft.AspNetCore.Mvc.Infrastructure.ResourceInvoker.<InvokeAsync>g__Awaited|17_0(ResourceInvoker invoker, Task task, IDisposable scope)
   at Microsoft.AspNetCore.Routing.EndpointMiddleware.<Invoke>g__AwaitRequestTask|6_0(Endpoint endpoint, Task requestTask, ILogger logger)
   at Microsoft.AspNetCore.Authorization.AuthorizationMiddleware.Invoke(HttpContext context)
   at Swashbuckle.AspNetCore.SwaggerUI.SwaggerUIMiddleware.Invoke(HttpContext httpContext)
   at Swashbuckle.AspNetCore.Swagger.SwaggerMiddleware.Invoke(HttpContext httpContext, ISwaggerProvider swaggerProvider)
   at Microsoft.AspNetCore.Authentication.AuthenticationMiddleware.Invoke(HttpContext context)
   at RestaurantAPI.Middleware.RequestTimeMiddleware.InvokeAsync(HttpContext context, RequestDelegate next) in C:\Users\narut\Desktop\kurs APS.NET\RestaurantAPI\RestaurantAPI\Middleware\RequestTimeMiddleware.cs:line 25
   at Microsoft.AspNetCore.Builder.UseMiddlewareExtensions.<>c__DisplayClass6_1.<<UseMiddlewareInterface>b__1>d.MoveNext()
--- End of stack trace from previous location ---
   at RestaurantAPI.Middleware.ErrorHandlingMiddleware.InvokeAsync(HttpContext context, RequestDelegate next) in C:\Users\narut\Desktop\kurs APS.NET\RestaurantAPI\RestaurantAPI\Middleware\ErrorHandlingMiddleware.cs:line 26
2021-08-26 11:12:45.0457||INFO|Microsoft.Hosting.Lifetime|Application started. Press Ctrl+C to shut down. 
2021-08-26 11:12:45.0915||INFO|Microsoft.Hosting.Lifetime|Hosting environment: Development 
2021-08-26 11:12:45.1227||INFO|Microsoft.Hosting.Lifetime|Content root path: C:\Users\narut\Desktop\kurs APS.NET\RestaurantAPI\RestaurantAPI 
2021-08-26 11:13:49.3884||INFO|Microsoft.Hosting.Lifetime|Application started. Press Ctrl+C to shut down. 
2021-08-26 11:13:49.4218||INFO|Microsoft.Hosting.Lifetime|Hosting environment: Development 
2021-08-26 11:13:49.4653||INFO|Microsoft.Hosting.Lifetime|Content root path: C:\Users\narut\Desktop\kurs APS.NET\RestaurantAPI\RestaurantAPI 
2021-08-26 11:26:28.3335||INFO|Microsoft.Hosting.Lifetime|Application started. Press Ctrl+C to shut down. 
2021-08-26 11:26:28.3641||INFO|Microsoft.Hosting.Lifetime|Hosting environment: Development 
2021-08-26 11:26:28.3976||INFO|Microsoft.Hosting.Lifetime|Content root path: C:\Users\narut\Desktop\kurs APS.NET\RestaurantAPI\RestaurantAPI 
2021-08-26 11:26:29.1806||ERROR|RestaurantAPI.Middleware.ErrorHandlingMiddleware|The number of rows provided for a FETCH clause must be greater then zero. Microsoft.Data.SqlClient.SqlException (0x80131904): The number of rows provided for a FETCH clause must be greater then zero.
   at Microsoft.Data.SqlClient.SqlConnection.OnError(SqlException exception, Boolean breakConnection, Action`1 wrapCloseInAction)
   at Microsoft.Data.SqlClient.SqlInternalConnection.OnError(SqlException exception, Boolean breakConnection, Action`1 wrapCloseInAction)
   at Microsoft.Data.SqlClient.TdsParser.ThrowExceptionAndWarning(TdsParserStateObject stateObj, Boolean callerHasConnectionLock, Boolean asyncClose)
   at Microsoft.Data.SqlClient.TdsParser.TryRun(RunBehavior runBehavior, SqlCommand cmdHandler, SqlDataReader dataStream, BulkCopySimpleResultSet bulkCopyHandler, TdsParserStateObject stateObj, Boolean& dataReady)
   at Microsoft.Data.SqlClient.SqlDataReader.TryHasMoreRows(Boolean& moreRows)
   at Microsoft.Data.SqlClient.SqlDataReader.TryReadInternal(Boolean setTimeout, Boolean& more)
   at Microsoft.Data.SqlClient.SqlDataReader.Read()
   at Microsoft.EntityFrameworkCore.Storage.RelationalDataReader.Read()
   at Microsoft.EntityFrameworkCore.Query.Internal.SingleQueryingEnumerable`1.Enumerator.MoveNext()
   at System.Collections.Generic.List`1..ctor(IEnumerable`1 collection)
   at System.Linq.Enumerable.ToList[TSource](IEnumerable`1 source)
   at RestaurantAPI.Services.RestaurantService.GetAll(RestaurantQuery query) in C:\Users\narut\Desktop\kurs APS.NET\RestaurantAPI\RestaurantAPI\Services\RestaurantService.cs:line 109
   at RestaurantAPI.Controllers.RestaurantController.GetAll(RestaurantQuery query) in C:\Users\narut\Desktop\kurs APS.NET\RestaurantAPI\RestaurantAPI\Controllers\RestaurantController.cs:line 59
   at lambda_method20(Closure , Object , Object[] )
   at Microsoft.AspNetCore.Mvc.Infrastructure.ActionMethodExecutor.SyncObjectResultExecutor.Execute(IActionResultTypeMapper mapper, ObjectMethodExecutor executor, Object controller, Object[] arguments)
   at Microsoft.AspNetCore.Mvc.Infrastructure.ControllerActionInvoker.InvokeActionMethodAsync()
   at Microsoft.AspNetCore.Mvc.Infrastructure.ControllerActionInvoker.Next(State& next, Scope& scope, Object& state, Boolean& isCompleted)
   at Microsoft.AspNetCore.Mvc.Infrastructure.ControllerActionInvoker.InvokeNextActionFilterAsync()
--- End of stack trace from previous location ---
   at Microsoft.AspNetCore.Mvc.Infrastructure.ControllerActionInvoker.Rethrow(ActionExecutedContextSealed context)
   at Microsoft.AspNetCore.Mvc.Infrastructure.ControllerActionInvoker.Next(State& next, Scope& scope, Object& state, Boolean& isCompleted)
   at Microsoft.AspNetCore.Mvc.Infrastructure.ControllerActionInvoker.InvokeInnerFilterAsync()
--- End of stack trace from previous location ---
   at Microsoft.AspNetCore.Mvc.Infrastructure.ResourceInvoker.<InvokeFilterPipelineAsync>g__Awaited|19_0(ResourceInvoker invoker, Task lastTask, State next, Scope scope, Object state, Boolean isCompleted)
   at Microsoft.AspNetCore.Mvc.Infrastructure.ResourceInvoker.<InvokeAsync>g__Awaited|17_0(ResourceInvoker invoker, Task task, IDisposable scope)
   at Microsoft.AspNetCore.Routing.EndpointMiddleware.<Invoke>g__AwaitRequestTask|6_0(Endpoint endpoint, Task requestTask, ILogger logger)
   at Microsoft.AspNetCore.Authorization.AuthorizationMiddleware.Invoke(HttpContext context)
   at Swashbuckle.AspNetCore.SwaggerUI.SwaggerUIMiddleware.Invoke(HttpContext httpContext)
   at Swashbuckle.AspNetCore.Swagger.SwaggerMiddleware.Invoke(HttpContext httpContext, ISwaggerProvider swaggerProvider)
   at Microsoft.AspNetCore.Authentication.AuthenticationMiddleware.Invoke(HttpContext context)
   at RestaurantAPI.Middleware.RequestTimeMiddleware.InvokeAsync(HttpContext context, RequestDelegate next) in C:\Users\narut\Desktop\kurs APS.NET\RestaurantAPI\RestaurantAPI\Middleware\RequestTimeMiddleware.cs:line 25
   at Microsoft.AspNetCore.Builder.UseMiddlewareExtensions.<>c__DisplayClass6_1.<<UseMiddlewareInterface>b__1>d.MoveNext()
--- End of stack trace from previous location ---
   at RestaurantAPI.Middleware.ErrorHandlingMiddleware.InvokeAsync(HttpContext context, RequestDelegate next) in C:\Users\narut\Desktop\kurs APS.NET\RestaurantAPI\RestaurantAPI\Middleware\ErrorHandlingMiddleware.cs:line 26
ClientConnectionId:3fa8c52a-6406-498f-9828-969686b69413
Error Number:10744,State:1,Class:15
2021-08-26 11:38:37.3581||INFO|Microsoft.Hosting.Lifetime|Application started. Press Ctrl+C to shut down. 
2021-08-26 11:38:37.3882||INFO|Microsoft.Hosting.Lifetime|Hosting environment: Development 
2021-08-26 11:38:37.4229||INFO|Microsoft.Hosting.Lifetime|Content root path: C:\Users\narut\Desktop\kurs APS.NET\RestaurantAPI\RestaurantAPI 
2021-08-26 11:48:24.8557||INFO|Microsoft.Hosting.Lifetime|Application started. Press Ctrl+C to shut down. 
2021-08-26 11:48:24.9057||INFO|Microsoft.Hosting.Lifetime|Hosting environment: Development 
2021-08-26 11:48:24.9377||INFO|Microsoft.Hosting.Lifetime|Content root path: C:\Users\narut\Desktop\kurs APS.NET\RestaurantAPI\RestaurantAPI 
2021-08-26 12:05:54.2181||INFO|Microsoft.Hosting.Lifetime|Application started. Press Ctrl+C to shut down. 
2021-08-26 12:05:54.2505||INFO|Microsoft.Hosting.Lifetime|Hosting environment: Development 
2021-08-26 12:05:54.2933||INFO|Microsoft.Hosting.Lifetime|Content root path: C:\Users\narut\Desktop\kurs APS.NET\RestaurantAPI\RestaurantAPI 
2021-08-26 12:10:47.8516||INFO|Microsoft.Hosting.Lifetime|Application started. Press Ctrl+C to shut down. 
2021-08-26 12:10:47.8873||INFO|Microsoft.Hosting.Lifetime|Hosting environment: Development 
2021-08-26 12:10:47.9159||INFO|Microsoft.Hosting.Lifetime|Content root path: C:\Users\narut\Desktop\kurs APS.NET\RestaurantAPI\RestaurantAPI 
2021-08-26 12:14:26.0745||INFO|Microsoft.Hosting.Lifetime|Application started. Press Ctrl+C to shut down. 
2021-08-26 12:14:26.1070||INFO|Microsoft.Hosting.Lifetime|Hosting environment: Development 
2021-08-26 12:14:26.1414||INFO|Microsoft.Hosting.Lifetime|Content root path: C:\Users\narut\Desktop\kurs APS.NET\RestaurantAPI\RestaurantAPI 
2021-08-26 12:15:03.5885||INFO|Microsoft.Hosting.Lifetime|Application started. Press Ctrl+C to shut down. 
2021-08-26 12:15:03.6244||INFO|Microsoft.Hosting.Lifetime|Hosting environment: Development 
2021-08-26 12:15:03.6774||INFO|Microsoft.Hosting.Lifetime|Content root path: C:\Users\narut\Desktop\kurs APS.NET\RestaurantAPI\RestaurantAPI 
2021-08-26 12:16:33.2047||INFO|Microsoft.Hosting.Lifetime|Application started. Press Ctrl+C to shut down. 
2021-08-26 12:16:33.2464||INFO|Microsoft.Hosting.Lifetime|Hosting environment: Development 
2021-08-26 12:16:33.2727||INFO|Microsoft.Hosting.Lifetime|Content root path: C:\Users\narut\Desktop\kurs APS.NET\RestaurantAPI\RestaurantAPI 
